2026-05-25 19:11:21,724 INFO Non-clinical generalization experiment run_id=20260525_191121
2026-05-25 19:11:21,725 INFO Running REDUNDANCY condition (10 docs × 4 reps × 1 runs)…
2026-05-25 19:11:24,782 INFO [redundancy] news_01 rep=1x run=1 F1=0.696 valid=1 sds=0.00
2026-05-25 19:11:31,218 INFO [redundancy] news_01 rep=5x run=1 F1=0.381 valid=1 sds=0.00
2026-05-25 19:11:34,969 INFO [redundancy] news_01 rep=10x run=1 F1=0.667 valid=1 sds=0.00
2026-05-25 19:11:39,008 INFO [redundancy] news_01 rep=16x run=1 F1=0.667 valid=1 sds=0.00
2026-05-25 19:11:41,917 INFO [redundancy] news_02 rep=1x run=1 F1=0.609 valid=1 sds=0.00
2026-05-25 19:11:44,502 INFO [redundancy] news_02 rep=5x run=1 F1=0.609 valid=1 sds=0.00
2026-05-25 19:11:49,016 INFO [redundancy] news_02 rep=10x run=1 F1=0.519 valid=1 sds=0.00
2026-05-25 19:11:53,580 INFO [redundancy] news_02 rep=16x run=1 F1=0.519 valid=1 sds=0.00
2026-05-25 19:11:56,422 INFO [redundancy] news_03 rep=1x run=1 F1=0.400 valid=1 sds=0.00
2026-05-25 19:12:00,196 INFO [redundancy] news_03 rep=5x run=1 F1=0.462 valid=1 sds=0.00
2026-05-25 19:12:03,898 INFO [redundancy] news_03 rep=10x run=1 F1=0.462 valid=1 sds=0.00
2026-05-25 19:12:08,803 INFO [redundancy] news_03 rep=16x run=1 F1=0.538 valid=1 sds=0.00
2026-05-25 19:12:11,752 INFO [redundancy] news_04 rep=1x run=1 F1=0.667 valid=1 sds=0.00
2026-05-25 19:12:20,867 INFO [redundancy] news_04 rep=5x run=1 F1=0.533 valid=1 sds=0.00
2026-05-25 19:12:29,807 INFO [redundancy] news_04 rep=10x run=1 F1=0.516 valid=1 sds=0.00
2026-05-25 19:12:33,569 INFO [redundancy] news_04 rep=16x run=1 F1=0.615 valid=1 sds=0.00
2026-05-25 19:12:35,609 INFO [redundancy] news_05 rep=1x run=1 F1=0.737 valid=1 sds=0.00
2026-05-25 19:12:38,220 INFO [redundancy] news_05 rep=5x run=1 F1=0.737 valid=1 sds=0.00
2026-05-25 19:12:41,008 INFO [redundancy] news_05 rep=10x run=1 F1=0.737 valid=1 sds=0.00
2026-05-25 19:12:43,406 INFO [redundancy] news_05 rep=16x run=1 F1=0.778 valid=1 sds=0.00
2026-05-25 19:12:46,170 INFO [redundancy] news_06 rep=1x run=1 F1=0.828 valid=1 sds=0.00
2026-05-25 19:12:50,177 INFO [redundancy] news_06 rep=5x run=1 F1=0.774 valid=1 sds=0.00
2026-05-25 19:12:54,090 INFO [redundancy] news_06 rep=10x run=1 F1=0.774 valid=1 sds=0.00
2026-05-25 19:12:57,482 INFO [redundancy] news_06 rep=16x run=1 F1=0.800 valid=1 sds=0.00
2026-05-25 19:13:00,131 INFO [redundancy] news_07 rep=1x run=1 F1=0.522 valid=1 sds=0.00
2026-05-25 19:13:03,596 INFO [redundancy] news_07 rep=5x run=1 F1=0.500 valid=1 sds=0.00
2026-05-25 19:13:06,460 INFO [redundancy] news_07 rep=10x run=1 F1=0.522 valid=1 sds=0.00
2026-05-25 19:13:09,577 INFO [redundancy] news_07 rep=16x run=1 F1=0.750 valid=1 sds=0.00
2026-05-25 19:13:13,274 INFO [redundancy] news_08 rep=1x run=1 F1=0.750 valid=1 sds=0.00
2026-05-25 19:13:17,566 INFO [redundancy] news_08 rep=5x run=1 F1=0.692 valid=1 sds=0.00
2026-05-25 19:13:21,196 INFO [redundancy] news_08 rep=10x run=1 F1=0.750 valid=1 sds=0.00
2026-05-25 19:13:26,106 INFO [redundancy] news_08 rep=16x run=1 F1=0.692 valid=1 sds=0.00
2026-05-25 19:13:27,909 INFO [redundancy] news_09 rep=1x run=1 F1=0.667 valid=1 sds=0.00
2026-05-25 19:13:30,156 INFO [redundancy] news_09 rep=5x run=1 F1=0.667 valid=1 sds=0.00
2026-05-25 19:13:32,938 INFO [redundancy] news_09 rep=10x run=1 F1=0.600 valid=1 sds=0.00
2026-05-25 19:13:35,399 INFO [redundancy] news_09 rep=16x run=1 F1=0.600 valid=1 sds=0.00
2026-05-25 19:13:39,135 INFO [redundancy] news_10 rep=1x run=1 F1=0.762 valid=1 sds=0.00
2026-05-25 19:13:41,416 INFO [redundancy] news_10 rep=5x run=1 F1=0.696 valid=1 sds=0.00
2026-05-25 19:13:44,024 INFO [redundancy] news_10 rep=10x run=1 F1=0.696 valid=1 sds=0.00
2026-05-25 19:13:47,169 INFO [redundancy] news_10 rep=16x run=1 F1=0.696 valid=1 sds=0.00
2026-05-25 19:13:47,170 INFO Running FILLER condition…
2026-05-25 19:13:49,930 INFO [filler] news_01 rep=1x run=1 F1=0.696 valid=1 sds=0.00
2026-05-25 19:13:52,787 INFO [filler] news_01 rep=5x run=1 F1=0.727 valid=1 sds=0.00
2026-05-25 19:13:57,295 INFO [filler] news_01 rep=10x run=1 F1=0.667 valid=1 sds=0.00
2026-05-25 19:14:01,512 INFO [filler] news_01 rep=16x run=1 F1=0.667 valid=1 sds=0.00
2026-05-25 19:14:03,697 INFO [filler] news_02 rep=1x run=1 F1=0.636 valid=1 sds=0.00
2026-05-25 19:14:06,158 INFO [filler] news_02 rep=5x run=1 F1=0.609 valid=1 sds=0.00
2026-05-25 19:14:08,201 INFO [filler] news_02 rep=10x run=1 F1=0.609 valid=1 sds=0.00
2026-05-25 19:14:09,946 INFO [filler] news_02 rep=16x run=1 F1=0.571 valid=1 sds=0.00
2026-05-25 19:14:11,977 INFO [filler] news_03 rep=1x run=1 F1=0.400 valid=1 sds=0.00
2026-05-25 19:14:15,973 INFO [filler] news_03 rep=5x run=1 F1=0.417 valid=1 sds=0.00
2026-05-25 19:14:19,509 INFO [filler] news_03 rep=10x run=1 F1=0.583 valid=1 sds=0.00
2026-05-25 19:14:22,997 INFO [filler] news_03 rep=16x run=1 F1=0.583 valid=1 sds=0.00
2026-05-25 19:14:25,236 INFO [filler] news_04 rep=1x run=1 F1=0.667 valid=1 sds=0.00
2026-05-25 19:14:27,738 INFO [filler] news_04 rep=5x run=1 F1=0.615 valid=1 sds=0.00
2026-05-25 19:14:29,582 INFO [filler] news_04 rep=10x run=1 F1=0.560 valid=1 sds=0.00
2026-05-25 19:14:31,666 INFO [filler] news_04 rep=16x run=1 F1=0.500 valid=1 sds=0.00
2026-05-25 19:14:33,520 INFO [filler] news_05 rep=1x run=1 F1=0.737 valid=1 sds=0.00
2026-05-25 19:14:36,276 INFO [filler] news_05 rep=5x run=1 F1=0.737 valid=1 sds=0.00
2026-05-25 19:14:38,970 INFO [filler] news_05 rep=10x run=1 F1=0.737 valid=1 sds=0.00
2026-05-25 19:14:41,480 INFO [filler] news_05 rep=16x run=1 F1=0.737 valid=1 sds=0.00
2026-05-25 19:14:43,681 INFO [filler] news_06 rep=1x run=1 F1=0.828 valid=1 sds=0.00
2026-05-25 19:14:47,074 INFO [filler] news_06 rep=5x run=1 F1=0.857 valid=1 sds=0.00
2026-05-25 19:14:50,857 INFO [filler] news_06 rep=10x run=1 F1=0.828 valid=1 sds=0.00
2026-05-25 19:14:55,501 INFO [filler] news_06 rep=16x run=1 F1=0.857 valid=1 sds=0.00
2026-05-25 19:14:58,000 INFO [filler] news_07 rep=1x run=1 F1=0.522 valid=1 sds=0.00
2026-05-25 19:14:59,964 INFO [filler] news_07 rep=5x run=1 F1=0.522 valid=1 sds=0.00
2026-05-25 19:15:03,356 INFO [filler] news_07 rep=10x run=1 F1=0.522 valid=1 sds=0.00
2026-05-25 19:15:07,749 INFO [filler] news_07 rep=16x run=1 F1=0.500 valid=1 sds=0.00
2026-05-25 19:15:12,700 INFO [filler] news_08 rep=1x run=1 F1=0.750 valid=1 sds=0.00
2026-05-25 19:15:14,928 INFO [filler] news_08 rep=5x run=1 F1=0.783 valid=1 sds=0.00
2026-05-25 19:15:17,279 INFO [filler] news_08 rep=10x run=1 F1=0.783 valid=1 sds=0.00
2026-05-25 19:15:20,411 INFO [filler] news_08 rep=16x run=1 F1=0.720 valid=1 sds=0.00
2026-05-25 19:15:22,390 INFO [filler] news_09 rep=1x run=1 F1=0.667 valid=1 sds=0.00
2026-05-25 19:15:24,918 INFO [filler] news_09 rep=5x run=1 F1=0.667 valid=1 sds=0.00
2026-05-25 19:15:27,184 INFO [filler] news_09 rep=10x run=1 F1=0.667 valid=1 sds=0.00
2026-05-25 19:15:29,353 INFO [filler] news_09 rep=16x run=1 F1=0.706 valid=1 sds=0.00
2026-05-25 19:15:31,802 INFO [filler] news_10 rep=1x run=1 F1=0.762 valid=1 sds=0.00
2026-05-25 19:15:34,203 INFO [filler] news_10 rep=5x run=1 F1=0.762 valid=1 sds=0.00
2026-05-25 19:15:37,074 INFO [filler] news_10 rep=10x run=1 F1=0.762 valid=1 sds=0.00
2026-05-25 19:15:40,362 INFO [filler] news_10 rep=16x run=1 F1=0.762 valid=1 sds=0.00
